# JRE version: OpenJDK Runtime Environment Temurin-17.0.12+7 (17.0.12+7) (build 17.0.12+7)
# Java VM: OpenJDK 64-Bit Server VM Temurin-17.0.12+7 (17.0.12+7, mixed mode, emulated-client, tiered, compressed oops, compressed class ptrs, g1 gc, windows-amd64)
GC Precious Log:
 CPUs: 8 total, 8 available
 Memory: 7987M
 Large Page Support: Disabled
 NUMA Support: Disabled
 Compressed Oops: Enabled (32-bit)
 Heap Region Size: 1M
 Heap Min Capacity: 8M
 Heap Initial Capacity: 126M
 Heap Max Capacity: 1G
 Pre-touch: Disabled
 Parallel Workers: 8
 Concurrent Workers: 2
 Concurrent Refinement Workers: 8
 Periodic GC: Disabled
Heap:
 garbage-first heap   total 78848K, used 25659K [0x00000000c0000000, 0x0000000100000000)
  region size 1024K, 1 young (1024K), 0 survivors (0K)
 Metaspace       used 42290K, committed 42624K, reserved 1114112K
  class space    used 5475K, committed 5632K, reserved 1048576K
GC Heap History (20 events):
Event: 186214.083 GC heap after
{Heap after GC invocations=4573 (full 4564):
 garbage-first heap   total 78848K, used 25659K [0x00000000c0000000, 0x0000000100000000)
  region size 1024K, 0 young (0K), 0 survivors (0K)
 Metaspace       used 42290K, committed 42624K, reserved 1114112K
  class space    used 5475K, committed 5632K, reserved 1048576K
}
Event: 186224.366 GC heap before
{Heap before GC invocations=4573 (full 4564):
 garbage-first heap   total 78848K, used 25659K [0x00000000c0000000, 0x0000000100000000)
  region size 1024K, 1 young (1024K), 0 survivors (0K)
 Metaspace       used 42290K, committed 42624K, reserved 1114112K
  class space    used 5475K, committed 5632K, reserved 1048576K
}
Event: 186224.389 GC heap after
{Heap after GC invocations=4574 (full 4565):
 garbage-first heap   total 78848K, used 25659K [0x00000000c0000000, 0x0000000100000000)
  region size 1024K, 0 young (0K), 0 survivors (0K)
 Metaspace       used 42290K, committed 42624K, reserved 1114112K
  class space    used 5475K, committed 5632K, reserved 1048576K
}
Event: 186234.984 GC heap before
{Heap before GC invocations=4574 (full 4565):
 garbage-first heap   total 78848K, used 25659K [0x00000000c0000000, 0x0000000100000000)
  region size 1024K, 1 young (1024K), 0 survivors (0K)
 Metaspace       used 42290K, committed 42624K, reserved 1114112K
  class space    used 5475K, committed 5632K, reserved 1048576K
}
Event: 186235.081 GC heap after
{Heap after GC invocations=4575 (full 4566):
 garbage-first heap   total 78848K, used 25659K [0x00000000c0000000, 0x0000000100000000)
  region size 1024K, 0 young (0K), 0 survivors (0K)
 Metaspace       used 42290K, committed 42624K, reserved 1114112K
  class space    used 5475K, committed 5632K, reserved 1048576K
}
Event: 186245.388 GC heap before
{Heap before GC invocations=4575 (full 4566):
 garbage-first heap   total 78848K, used 25659K [0x00000000c0000000, 0x0000000100000000)
  region size 1024K, 1 young (1024K), 0 survivors (0K)
 Metaspace       used 42290K, committed 42624K, reserved 1114112K
  class space    used 5475K, committed 5632K, reserved 1048576K
}
Event: 186245.411 GC heap after
{Heap after GC invocations=4576 (full 4567):
 garbage-first heap   total 78848K, used 25659K [0x00000000c0000000, 0x0000000100000000)
  region size 1024K, 0 young (0K), 0 survivors (0K)
 Metaspace       used 42290K, committed 42624K, reserved 1114112K
  class space    used 5475K, committed 5632K, reserved 1048576K
}
Event: 186255.671 GC heap before
{Heap before GC invocations=4576 (full 4567):
 garbage-first heap   total 78848K, used 25659K [0x00000000c0000000, 0x0000000100000000)
  region size 1024K, 1 young (1024K), 0 survivors (0K)
 Metaspace       used 42290K, committed 42624K, reserved 1114112K
  class space    used 5475K, committed 5632K, reserved 1048576K
}
Event: 186255.700 GC heap after
{Heap after GC invocations=4577 (full 4568):
 garbage-first heap   total 78848K, used 25659K [0x00000000c0000000, 0x0000000100000000)
  region size 1024K, 0 young (0K), 0 survivors (0K)
 Metaspace       used 42290K, committed 42624K, reserved 1114112K
  class space    used 5475K, committed 5632K, reserved 1048576K
}
Event: 186265.980 GC heap before
{Heap before GC invocations=4577 (full 4568):
 garbage-first heap   total 78848K, used 25659K [0x00000000c0000000, 0x0000000100000000)
  region size 1024K, 1 young (1024K), 0 survivors (0K)
 Metaspace       used 42290K, committed 42624K, reserved 1114112K
  class space    used 5475K, committed 5632K, reserved 1048576K
}
Event: 186266.002 GC heap after
{Heap after GC invocations=4578 (full 4569):
 garbage-first heap   total 78848K, used 25659K [0x00000000c0000000, 0x0000000100000000)
  region size 1024K, 0 young (0K), 0 survivors (0K)
 Metaspace       used 42290K, committed 42624K, reserved 1114112K
  class space    used 5475K, committed 5632K, reserved 1048576K
}
Event: 186276.649 GC heap before
{Heap before GC invocations=4578 (full 4569):
 garbage-first heap   total 78848K, used 25659K [0x00000000c0000000, 0x0000000100000000)
  region size 1024K, 1 young (1024K), 0 survivors (0K)
 Metaspace       used 42290K, committed 42624K, reserved 1114112K
  class space    used 5475K, committed 5632K, reserved 1048576K
}
Event: 186276.671 GC heap after
{Heap after GC invocations=4579 (full 4570):
 garbage-first heap   total 78848K, used 25659K [0x00000000c0000000, 0x0000000100000000)
  region size 1024K, 0 young (0K), 0 survivors (0K)
 Metaspace       used 42290K, committed 42624K, reserved 1114112K
  class space    used 5475K, committed 5632K, reserved 1048576K
}
Event: 186287.191 GC heap before
{Heap before GC invocations=4579 (full 4570):
 garbage-first heap   total 78848K, used 25659K [0x00000000c0000000, 0x0000000100000000)
  region size 1024K, 1 young (1024K), 0 survivors (0K)
 Metaspace       used 42290K, committed 42624K, reserved 1114112K
  class space    used 5475K, committed 5632K, reserved 1048576K
}
Event: 186287.211 GC heap after
{Heap after GC invocations=4580 (full 4571):
 garbage-first heap   total 78848K, used 25659K [0x00000000c0000000, 0x0000000100000000)
  region size 1024K, 0 young (0K), 0 survivors (0K)
 Metaspace       used 42290K, committed 42624K, reserved 1114112K
  class space    used 5475K, committed 5632K, reserved 1048576K
}
Event: 186297.478 GC heap before
{Heap before GC invocations=4580 (full 4571):
 garbage-first heap   total 78848K, used 25659K [0x00000000c0000000, 0x0000000100000000)
  region size 1024K, 1 young (1024K), 0 survivors (0K)
 Metaspace       used 42290K, committed 42624K, reserved 1114112K
  class space    used 5475K, committed 5632K, reserved 1048576K
}
Event: 186297.509 GC heap after
{Heap after GC invocations=4581 (full 4572):
 garbage-first heap   total 78848K, used 25659K [0x00000000c0000000, 0x0000000100000000)
  region size 1024K, 0 young (0K), 0 survivors (0K)
 Metaspace       used 42290K, committed 42624K, reserved 1114112K
  class space    used 5475K, committed 5632K, reserved 1048576K
}
Event: 186307.779 GC heap before
{Heap before GC invocations=4581 (full 4572):
 garbage-first heap   total 78848K, used 25659K [0x00000000c0000000, 0x0000000100000000)
  region size 1024K, 1 young (1024K), 0 survivors (0K)
 Metaspace       used 42290K, committed 42624K, reserved 1114112K
  class space    used 5475K, committed 5632K, reserved 1048576K
}
Event: 186307.801 GC heap after
{Heap after GC invocations=4582 (full 4573):
 garbage-first heap   total 78848K, used 25659K [0x00000000c0000000, 0x0000000100000000)
  region size 1024K, 0 young (0K), 0 survivors (0K)
 Metaspace       used 42290K, committed 42624K, reserved 1114112K
  class space    used 5475K, committed 5632K, reserved 1048576K
}
Event: 186318.054 GC heap before
{Heap before GC invocations=4582 (full 4573):
 garbage-first heap   total 78848K, used 25659K [0x00000000c0000000, 0x0000000100000000)
  region size 1024K, 1 young (1024K), 0 survivors (0K)
 Metaspace       used 42290K, committed 42624K, reserved 1114112K
  class space    used 5475K, committed 5632K, reserved 1048576K
}

