# JRE version: OpenJDK Runtime Environment Temurin-17.0.12+7 (17.0.12+7) (build 17.0.12+7)
# Java VM: OpenJDK 64-Bit Server VM Temurin-17.0.12+7 (17.0.12+7, mixed mode, emulated-client, tiered, compressed oops, compressed class ptrs, g1 gc, windows-amd64)
GC Precious Log:
 CPUs: 8 total, 8 available
 Memory: 7987M
 Large Page Support: Disabled
 NUMA Support: Disabled
 Compressed Oops: Enabled (32-bit)
 Heap Region Size: 1M
 Heap Min Capacity: 8M
 Heap Initial Capacity: 126M
 Heap Max Capacity: 1G
 Pre-touch: Disabled
 Parallel Workers: 8
 Concurrent Workers: 2
 Concurrent Refinement Workers: 8
 Periodic GC: Disabled
Heap:
 garbage-first heap   total 75776K, used 25273K [0x00000000c0000000, 0x0000000100000000)
  region size 1024K, 1 young (1024K), 0 survivors (0K)
 Metaspace       used 40979K, committed 41600K, reserved 1114112K
  class space    used 5238K, committed 5504K, reserved 1048576K
GC Heap History (20 events):
Event: 45625.533 GC heap after
{Heap after GC invocations=314 (full 303):
 garbage-first heap   total 75776K, used 25273K [0x00000000c0000000, 0x0000000100000000)
  region size 1024K, 0 young (0K), 0 survivors (0K)
 Metaspace       used 40979K, committed 41600K, reserved 1114112K
  class space    used 5238K, committed 5504K, reserved 1048576K
}
Event: 45636.994 GC heap before
{Heap before GC invocations=314 (full 303):
 garbage-first heap   total 75776K, used 25273K [0x00000000c0000000, 0x0000000100000000)
  region size 1024K, 1 young (1024K), 0 survivors (0K)
 Metaspace       used 40979K, committed 41600K, reserved 1114112K
  class space    used 5238K, committed 5504K, reserved 1048576K
}
Event: 45637.016 GC heap after
{Heap after GC invocations=315 (full 304):
 garbage-first heap   total 75776K, used 25273K [0x00000000c0000000, 0x0000000100000000)
  region size 1024K, 0 young (0K), 0 survivors (0K)
 Metaspace       used 40979K, committed 41600K, reserved 1114112K
  class space    used 5238K, committed 5504K, reserved 1048576K
}
Event: 45647.347 GC heap before
{Heap before GC invocations=315 (full 304):
 garbage-first heap   total 75776K, used 25273K [0x00000000c0000000, 0x0000000100000000)
  region size 1024K, 1 young (1024K), 0 survivors (0K)
 Metaspace       used 40979K, committed 41600K, reserved 1114112K
  class space    used 5238K, committed 5504K, reserved 1048576K
}
Event: 45647.370 GC heap after
{Heap after GC invocations=316 (full 305):
 garbage-first heap   total 75776K, used 25273K [0x00000000c0000000, 0x0000000100000000)
  region size 1024K, 0 young (0K), 0 survivors (0K)
 Metaspace       used 40979K, committed 41600K, reserved 1114112K
  class space    used 5238K, committed 5504K, reserved 1048576K
}
Event: 45657.713 GC heap before
{Heap before GC invocations=316 (full 305):
 garbage-first heap   total 75776K, used 25273K [0x00000000c0000000, 0x0000000100000000)
  region size 1024K, 1 young (1024K), 0 survivors (0K)
 Metaspace       used 40979K, committed 41600K, reserved 1114112K
  class space    used 5238K, committed 5504K, reserved 1048576K
}
Event: 45657.736 GC heap after
{Heap after GC invocations=317 (full 306):
 garbage-first heap   total 75776K, used 25273K [0x00000000c0000000, 0x0000000100000000)
  region size 1024K, 0 young (0K), 0 survivors (0K)
 Metaspace       used 40979K, committed 41600K, reserved 1114112K
  class space    used 5238K, committed 5504K, reserved 1048576K
}
Event: 45668.297 GC heap before
{Heap before GC invocations=317 (full 306):
 garbage-first heap   total 75776K, used 25273K [0x00000000c0000000, 0x0000000100000000)
  region size 1024K, 1 young (1024K), 0 survivors (0K)
 Metaspace       used 40979K, committed 41600K, reserved 1114112K
  class space    used 5238K, committed 5504K, reserved 1048576K
}
Event: 45668.318 GC heap after
{Heap after GC invocations=318 (full 307):
 garbage-first heap   total 75776K, used 25273K [0x00000000c0000000, 0x0000000100000000)
  region size 1024K, 0 young (0K), 0 survivors (0K)
 Metaspace       used 40979K, committed 41600K, reserved 1114112K
  class space    used 5238K, committed 5504K, reserved 1048576K
}
Event: 45679.103 GC heap before
{Heap before GC invocations=318 (full 307):
 garbage-first heap   total 75776K, used 25273K [0x00000000c0000000, 0x0000000100000000)
  region size 1024K, 1 young (1024K), 0 survivors (0K)
 Metaspace       used 40979K, committed 41600K, reserved 1114112K
  class space    used 5238K, committed 5504K, reserved 1048576K
}
Event: 45679.120 GC heap after
{Heap after GC invocations=319 (full 308):
 garbage-first heap   total 75776K, used 25273K [0x00000000c0000000, 0x0000000100000000)
  region size 1024K, 0 young (0K), 0 survivors (0K)
 Metaspace       used 40979K, committed 41600K, reserved 1114112K
  class space    used 5238K, committed 5504K, reserved 1048576K
}
Event: 45689.512 GC heap before
{Heap before GC invocations=319 (full 308):
 garbage-first heap   total 75776K, used 25273K [0x00000000c0000000, 0x0000000100000000)
  region size 1024K, 1 young (1024K), 0 survivors (0K)
 Metaspace       used 40979K, committed 41600K, reserved 1114112K
  class space    used 5238K, committed 5504K, reserved 1048576K
}
Event: 45689.533 GC heap after
{Heap after GC invocations=320 (full 309):
 garbage-first heap   total 75776K, used 25273K [0x00000000c0000000, 0x0000000100000000)
  region size 1024K, 0 young (0K), 0 survivors (0K)
 Metaspace       used 40979K, committed 41600K, reserved 1114112K
  class space    used 5238K, committed 5504K, reserved 1048576K
}
Event: 45699.857 GC heap before
{Heap before GC invocations=320 (full 309):
 garbage-first heap   total 75776K, used 25273K [0x00000000c0000000, 0x0000000100000000)
  region size 1024K, 1 young (1024K), 0 survivors (0K)
 Metaspace       used 40979K, committed 41600K, reserved 1114112K
  class space    used 5238K, committed 5504K, reserved 1048576K
}
Event: 45699.878 GC heap after
{Heap after GC invocations=321 (full 310):
 garbage-first heap   total 75776K, used 25273K [0x00000000c0000000, 0x0000000100000000)
  region size 1024K, 0 young (0K), 0 survivors (0K)
 Metaspace       used 40979K, committed 41600K, reserved 1114112K
  class space    used 5238K, committed 5504K, reserved 1048576K
}
Event: 45710.998 GC heap before
{Heap before GC invocations=321 (full 310):
 garbage-first heap   total 75776K, used 25273K [0x00000000c0000000, 0x0000000100000000)
  region size 1024K, 1 young (1024K), 0 survivors (0K)
 Metaspace       used 40979K, committed 41600K, reserved 1114112K
  class space    used 5238K, committed 5504K, reserved 1048576K
}
Event: 45711.015 GC heap after
{Heap after GC invocations=322 (full 311):
 garbage-first heap   total 75776K, used 25273K [0x00000000c0000000, 0x0000000100000000)
  region size 1024K, 0 young (0K), 0 survivors (0K)
 Metaspace       used 40979K, committed 41600K, reserved 1114112K
  class space    used 5238K, committed 5504K, reserved 1048576K
}
Event: 45727.153 GC heap before
{Heap before GC invocations=322 (full 311):
 garbage-first heap   total 75776K, used 25273K [0x00000000c0000000, 0x0000000100000000)
  region size 1024K, 1 young (1024K), 0 survivors (0K)
 Metaspace       used 40979K, committed 41600K, reserved 1114112K
  class space    used 5238K, committed 5504K, reserved 1048576K
}
Event: 45727.174 GC heap after
{Heap after GC invocations=323 (full 312):
 garbage-first heap   total 75776K, used 25273K [0x00000000c0000000, 0x0000000100000000)
  region size 1024K, 0 young (0K), 0 survivors (0K)
 Metaspace       used 40979K, committed 41600K, reserved 1114112K
  class space    used 5238K, committed 5504K, reserved 1048576K
}
Event: 45739.317 GC heap before
{Heap before GC invocations=323 (full 312):
 garbage-first heap   total 75776K, used 25273K [0x00000000c0000000, 0x0000000100000000)
  region size 1024K, 1 young (1024K), 0 survivors (0K)
 Metaspace       used 40979K, committed 41600K, reserved 1114112K
  class space    used 5238K, committed 5504K, reserved 1048576K
}

